2026-02-26 22:33:58,882: INFO: Starting the Text Summarizer application...
2026-02-27 23:01:45,252: INFO: >>>>>>> Stage Data Ingestion Stage started <<<<<<<
2026-02-27 23:01:45,257: INFO: yaml file: config\config.yaml loaded successfully
2026-02-27 23:01:45,257: INFO: Directory: artifacts created successfully
2026-02-27 23:01:45,257: INFO: Downloading file from https://drive.google.com/uc?export=download&id=16Q_tQeFysn647fSTQV3CX3HEsXTSqvLc to artifacts/data_ingestion/data.zip
2026-02-27 23:01:48,212: ERROR: Error in Data Ingestion: [Errno 2] No such file or directory: 'artifacts/data_ingestion/data.zip'
2026-02-27 23:01:48,212: ERROR: Error in stage Data Ingestion Stage: [Errno 2] No such file or directory: 'artifacts/data_ingestion/data.zip'
2026-02-27 23:05:04,328: INFO: >>>>>>> Stage Data Ingestion Stage started <<<<<<<
2026-02-27 23:05:04,328: INFO: yaml file: config\config.yaml loaded successfully
2026-02-27 23:05:04,328: INFO: Directory: artifacts created successfully
2026-02-27 23:05:04,328: INFO: Directory: artifacts/data_ingestion created successfully
2026-02-27 23:05:04,328: INFO: Downloading file from https://drive.google.com/uc?export=download&id=16Q_tQeFysn647fSTQV3CX3HEsXTSqvLc to artifacts/data_ingestion/data.zip
2026-02-27 23:05:23,422: INFO: >>>>>>> Stage Data Ingestion Stage started <<<<<<<
2026-02-27 23:05:23,423: INFO: yaml file: config\config.yaml loaded successfully
2026-02-27 23:05:23,423: INFO: Directory: artifacts created successfully
2026-02-27 23:05:23,423: INFO: Directory: artifacts/data_ingestion created successfully
2026-02-27 23:05:23,423: INFO: Downloading file from https://drive.google.com/uc?export=download&id=16Q_tQeFysn647fSTQV3CX3HEsXTSqvLc to artifacts/data_ingestion/data.zip
2026-02-27 23:05:26,032: INFO: File downloaded successfully to artifacts/data_ingestion/data.zip
2026-02-27 23:05:26,109: INFO: >>>>>>> Stage Data Ingestion Stage completed <<<<<<<

x==========x
